<?xml version="1.0" encoding="UTF-8"?>
<testsuite xmlns:xsi="http://www.w3.org/2001/XMLSchema-instance" xsi:noNamespaceSchemaLocation="https://maven.apache.org/surefire/maven-surefire-plugin/xsd/surefire-test-report-3.0.xsd" version="3.0" name="com.example.pathpilotfx.model.UserTest" time="0.142" tests="15" errors="0" skipped="0" failures="0">
  <properties>
[...]
</properties>
  <testcase name="testSetPassword" classname="com.example.pathpilotfx.model.UserTest" time="0.04"/>
  <testcase name="testGetPassword" classname="com.example.pathpilotfx.model.UserTest" time="0.001"/>
  <testcase name="testGetEmail" classname="com.example.pathpilotfx.model.UserTest" time="0.006"/>
  <testcase name="testGetCreationDate" classname="com.example.pathpilotfx.model.UserTest" time="0.004"/>
  <testcase name="testToString" classname="com.example.pathpilotfx.model.UserTest" time="0.021"/>
  <testcase name="testConstructorAndGetters" classname="com.example.pathpilotfx.model.UserTest" time="0.004"/>
  <testcase name="testSetCreationDate" classname="com.example.pathpilotfx.model.UserTest" time="0.002"/>
  <testcase name="testConstructorWithUserIDOnly" classname="com.example.pathpilotfx.model.UserTest" time="0.004"/>
  <testcase name="testSetUsername" classname="com.example.pathpilotfx.model.UserTest" time="0.008"/>
  <testcase name="testGetUsername" classname="com.example.pathpilotfx.model.UserTest" time="0.006"/>
  <testcase name="testSetUserID" classname="com.example.pathpilotfx.model.UserTest" time="0.002"/>
  <testcase name="testGetExp" classname="com.example.pathpilotfx.model.UserTest" time="0.002"/>
  <testcase name="testGetUserID" classname="com.example.pathpilotfx.model.UserTest" time="0.002"/>
  <testcase name="testSetExp" classname="com.example.pathpilotfx.model.UserTest" time="0.001"/>
  <testcase name="testSetEmail" classname="com.example.pathpilotfx.model.UserTest" time="0.001"/>
</testsuite>